Information: Propagating switching activity (high effort zero delay simulation). (PWR-6)
Warning: Design has unannotated primary inputs. (PWR-414)
Warning: Design has unannotated sequential cell outputs. (PWR-415)
Warning: Design has unannotated black box outputs. (PWR-428)
 
****************************************
Report : power
        -hier
        -analysis_effort high
Design : cmem
Version: U-2022.12-SP7
Date   : Sun Nov 24 20:10:30 2024
****************************************


Library(s) Used:

    scx3_cmos8rf_lpvt_tt_1p2v_25c (File: /courses/ee6321/share/ibm13rflpvt/synopsys/scx3_cmos8rf_lpvt_tt_1p2v_25c.db)
    USERLIB (File: /homes/user/stud/fall23/rf2715/CSEE-4823-project/mem_comp/RF1SHD_tt_1p2v_25c_syn.db)


Operating Conditions: tt_1p2v_25c   Library: scx3_cmos8rf_lpvt_tt_1p2v_25c
Wire Load Model Mode: top


Global Operating Voltage = 1.2  
Power-specific unit information :
    Voltage Units = 1V
    Capacitance Units = 1.000000pf
    Time Units = 1ns
    Dynamic Power Units = 1mW    (derived from V,C,T units)
    Leakage Power Units = 1pW


--------------------------------------------------------------------------------
                                       Switch   Int      Leak     Total
Hierarchy                              Power    Power    Power    Power    %
--------------------------------------------------------------------------------
cmem                                   5.51e-03    0.448 9.27e+04    0.454 100.0
1
