 
****************************************
Report : timing
        -path end
        -delay max
        -max_paths 10000
        -sort_by slack
Design : ALU
Version: U-2022.12-SP7
Date   : Thu Nov 14 17:08:39 2024
****************************************

Operating Conditions: tt_1p2v_25c   Library: scx3_cmos8rf_lpvt_tt_1p2v_25c
Wire Load Model Mode: top

Endpoint                         Path Delay     Path Required     Slack
------------------------------------------------------------------------
y[10] (out)                         1.49 r            9.95         8.46
y[8] (out)                          1.49 r            9.95         8.46
y[13] (out)                         1.48 r            9.95         8.47
y[7] (out)                          1.48 r            9.95         8.47
y[5] (out)                          1.48 r            9.95         8.47
y[11] (out)                         1.44 r            9.95         8.51
y[31] (out)                         1.42 r            9.95         8.53
y[29] (out)                         1.41 r            9.95         8.54
y[27] (out)                         1.41 r            9.95         8.54
y[25] (out)                         1.41 r            9.95         8.54
y[23] (out)                         1.41 r            9.95         8.54
y[19] (out)                         1.41 r            9.95         8.54
y[18] (out)                         1.41 r            9.95         8.54
y[9] (out)                          1.41 r            9.95         8.54
y[28] (out)                         1.41 r            9.95         8.54
y[26] (out)                         1.41 r            9.95         8.54
y[24] (out)                         1.41 r            9.95         8.54
y[22] (out)                         1.41 r            9.95         8.54
y[21] (out)                         1.41 r            9.95         8.54
y[20] (out)                         1.41 r            9.95         8.54
y[17] (out)                         1.41 r            9.95         8.54
y[16] (out)                         1.41 r            9.95         8.54
y[15] (out)                         1.41 r            9.95         8.54
y[12] (out)                         1.41 r            9.95         8.54
y[6] (out)                          1.41 r            9.95         8.54
y[4] (out)                          1.41 r            9.95         8.54
y[2] (out)                          1.41 r            9.95         8.54
y[3] (out)                          1.41 r            9.95         8.54
y[1] (out)                          1.41 r            9.95         8.54
y[33] (out)                         1.41 r            9.95         8.54
y[34] (out)                         1.41 r            9.95         8.54
y[14] (out)                         1.41 r            9.95         8.54
y[0] (out)                          1.13 r            9.95         8.82
y[36] (out)                         1.11 r            9.95         8.84
y[32] (out)                         1.00 r            9.95         8.95
y[30] (out)                         0.97 r            9.95         8.98
y[37] (out)                         0.97 r            9.95         8.98
y[35] (out)                         0.97 r            9.95         8.98
y[38] (out)                         0.97 r            9.95         8.98

1
