 
****************************************
Report : timing
        -path end
        -delay max
        -max_paths 10000
        -sort_by slack
Design : FIFO
Version: U-2022.12-SP7
Date   : Mon Dec  2 21:27:47 2024
****************************************

 # A fanout number of 1000 was used for high fanout net computations.

Operating Conditions: tt_1p2v_25c   Library: scx3_cmos8rf_lpvt_tt_1p2v_25c
Wire Load Model Mode: top

Endpoint                         Path Delay     Path Required     Slack
------------------------------------------------------------------------
A[63] (out)                     99581.38 r        99839.94       258.55
A[62] (out)                     99581.38 r        99839.94       258.55
A[61] (out)                     99581.38 r        99839.94       258.55
A[60] (out)                     99581.38 r        99839.94       258.55
A[59] (out)                     99581.38 r        99839.94       258.55
A[57] (out)                     99581.38 r        99839.94       258.55
A[56] (out)                     99581.38 r        99839.94       258.55
A[55] (out)                     99581.38 r        99839.94       258.55
A[54] (out)                     99581.38 r        99839.94       258.55
A[53] (out)                     99581.38 r        99839.94       258.55
A[52] (out)                     99581.38 r        99839.94       258.55
A[51] (out)                     99581.38 r        99839.94       258.55
A[50] (out)                     99581.38 r        99839.94       258.55
A[49] (out)                     99581.38 r        99839.94       258.55
A[48] (out)                     99581.38 r        99839.94       258.55
A[47] (out)                     99581.38 r        99839.94       258.55
A[46] (out)                     99581.38 r        99839.94       258.55
A[45] (out)                     99581.38 r        99839.94       258.55
A[44] (out)                     99581.38 r        99839.94       258.55
A[42] (out)                     99581.38 r        99839.94       258.55
A[41] (out)                     99581.38 r        99839.94       258.55
A[40] (out)                     99581.38 r        99839.94       258.55
A[39] (out)                     99581.38 r        99839.94       258.55
A[38] (out)                     99581.38 r        99839.94       258.55
A[37] (out)                     99581.38 r        99839.94       258.55
A[36] (out)                     99581.38 r        99839.94       258.55
A[35] (out)                     99581.38 r        99839.94       258.55
A[34] (out)                     99581.38 r        99839.94       258.55
A[33] (out)                     99581.38 r        99839.94       258.55
A[32] (out)                     99581.38 r        99839.94       258.55
A[31] (out)                     99581.38 r        99839.94       258.55
A[30] (out)                     99581.38 r        99839.94       258.55
A[29] (out)                     99581.38 r        99839.94       258.55
A[27] (out)                     99581.38 r        99839.94       258.55
A[26] (out)                     99581.38 r        99839.94       258.55
A[25] (out)                     99581.38 r        99839.94       258.55
A[24] (out)                     99581.38 r        99839.94       258.55
A[23] (out)                     99581.38 r        99839.94       258.55
A[22] (out)                     99581.38 r        99839.94       258.55
A[21] (out)                     99581.38 r        99839.94       258.55
A[20] (out)                     99581.38 r        99839.94       258.55
A[19] (out)                     99581.38 r        99839.94       258.55
A[18] (out)                     99581.38 r        99839.94       258.55
A[17] (out)                     99581.38 r        99839.94       258.55
A[16] (out)                     99581.38 r        99839.94       258.55
A[15] (out)                     99581.38 r        99839.94       258.55
A[14] (out)                     99581.38 r        99839.94       258.55
A[12] (out)                     99581.38 r        99839.94       258.55
A[11] (out)                     99581.38 r        99839.94       258.55
A[10] (out)                     99581.38 r        99839.94       258.55
A[9] (out)                      99581.38 r        99839.94       258.55
A[8] (out)                      99581.38 r        99839.94       258.55
A[7] (out)                      99581.38 r        99839.94       258.55
A[6] (out)                      99581.38 r        99839.94       258.55
A[5] (out)                      99581.38 r        99839.94       258.55
A[4] (out)                      99581.38 r        99839.94       258.55
A[3] (out)                      99581.38 r        99839.94       258.55
A[2] (out)                      99581.38 r        99839.94       258.55
A[1] (out)                      99581.38 r        99839.94       258.55
A[0] (out)                      99581.38 r        99839.94       258.55
A[58] (out)                     99581.35 r        99839.94       258.59
A[43] (out)                     99581.35 r        99839.94       258.59
A[28] (out)                     99581.35 r        99839.94       258.59
A[13] (out)                     99581.35 r        99839.94       258.59
load_ext (out)                  99581.33 f        99839.94       258.61
start_ext (out)                 99321.09 r        99839.94       518.85

1
